I, [2016-09-19T19:54:40.587419 #483]  INFO -- Kitchen: -----> Starting Kitchen (v1.13.0)
I, [2016-09-19T19:54:40.985288 #483]  INFO -- Kitchen: -----> Cleaning up any prior instances of <default-ubuntu-1404>
I, [2016-09-19T19:54:40.985432 #483]  INFO -- Kitchen: -----> Destroying <default-ubuntu-1404>...
I, [2016-09-19T19:54:40.986380 #483]  INFO -- Kitchen: -----> Testing <default-ubuntu-1404>
I, [2016-09-19T19:54:40.986529 #483]  INFO -- Kitchen: -----> Creating <default-ubuntu-1404>...
I, [2016-09-19T19:55:24.220933 #483]  INFO -- Kitchen: -----> Converging <default-ubuntu-1404>...
I, [2016-09-19T19:55:46.842704 #483]  INFO -- Kitchen: -----> Cleaning up any prior instances of <default-centos-72>
I, [2016-09-19T19:55:46.842875 #483]  INFO -- Kitchen: -----> Destroying <default-centos-72>...
I, [2016-09-19T19:55:46.843405 #483]  INFO -- Kitchen: -----> Testing <default-centos-72>
I, [2016-09-19T19:55:46.843479 #483]  INFO -- Kitchen: -----> Creating <default-centos-72>...
I, [2016-09-19T19:58:32.759652 #483]  INFO -- Kitchen: -----> Converging <default-centos-72>...
I, [2016-09-19T19:59:03.262516 #483]  INFO -- Kitchen: -----> Cleaning up any prior instances of <default-ubuntu-1404>
I, [2016-09-19T19:59:03.262907 #483]  INFO -- Kitchen: -----> Destroying <default-ubuntu-1404>...
I, [2016-09-19T19:59:07.776414 #483]  INFO -- Kitchen: -----> Testing <default-ubuntu-1404>
I, [2016-09-19T19:59:07.776536 #483]  INFO -- Kitchen: -----> Creating <default-ubuntu-1404>...
I, [2016-09-19T19:59:54.814130 #483]  INFO -- Kitchen: -----> Converging <default-ubuntu-1404>...
I, [2016-09-19T20:00:23.435870 #483]  INFO -- Kitchen: -----> Cleaning up any prior instances of <default-centos-72>
I, [2016-09-19T20:00:23.455109 #483]  INFO -- Kitchen: -----> Destroying <default-centos-72>...
I, [2016-09-19T20:00:28.269571 #483]  INFO -- Kitchen: -----> Testing <default-centos-72>
I, [2016-09-19T20:00:28.269692 #483]  INFO -- Kitchen: -----> Creating <default-centos-72>...
