I, [2016-09-19T20:24:27.042383 #12380]  INFO -- default-centos-72: -----> Cleaning up any prior instances of <default-centos-72>
I, [2016-09-19T20:24:27.043191 #12380]  INFO -- default-centos-72: -----> Destroying <default-centos-72>...
I, [2016-09-19T20:24:29.674427 #12380]  INFO -- default-centos-72: ==> default: Forcing shutdown of VM...
I, [2016-09-19T20:24:31.070863 #12380]  INFO -- default-centos-72: ==> default: Destroying VM and associated drives...
I, [2016-09-19T20:24:31.537734 #12380]  INFO -- default-centos-72: Vagrant instance <default-centos-72> destroyed.
I, [2016-09-19T20:24:31.539988 #12380]  INFO -- default-centos-72: Finished destroying <default-centos-72> (0m4.49s).
I, [2016-09-19T20:24:31.540489 #12380]  INFO -- default-centos-72: -----> Testing <default-centos-72>
I, [2016-09-19T20:24:31.540648 #12380]  INFO -- default-centos-72: -----> Creating <default-centos-72>...
I, [2016-09-19T20:24:33.041750 #12380]  INFO -- default-centos-72: Bringing machine 'default' up with 'virtualbox' provider...
I, [2016-09-19T20:24:33.162536 #12380]  INFO -- default-centos-72: ==> default: Importing base box 'bento/centos-7.2'...
I, [2016-09-19T20:24:45.617407 #12380]  INFO -- default-centos-72: [KProgress: 20%[KProgress: 50%[KProgress: 70%[KProgress: 90%[K==> default: Matching MAC address for NAT networking...
I, [2016-09-19T20:24:45.820494 #12380]  INFO -- default-centos-72: ==> default: Checking if box 'bento/centos-7.2' is up to date...
I, [2016-09-19T20:24:47.315879 #12380]  INFO -- default-centos-72: ==> default: Setting the name of the VM: kitchen-chef-repo-default-centos-72_default_1474305887249_48511
I, [2016-09-19T20:24:49.252590 #12380]  INFO -- default-centos-72: ==> default: Fixed port collision for 22 => 2222. Now on port 2204.
I, [2016-09-19T20:24:49.328950 #12380]  INFO -- default-centos-72: ==> default: Clearing any previously set network interfaces...
I, [2016-09-19T20:24:49.431309 #12380]  INFO -- default-centos-72: ==> default: Preparing network interfaces based on configuration...
I, [2016-09-19T20:24:49.431569 #12380]  INFO -- default-centos-72:     default: Adapter 1: nat
I, [2016-09-19T20:24:49.544953 #12380]  INFO -- default-centos-72: ==> default: Forwarding ports...
I, [2016-09-19T20:24:49.589810 #12380]  INFO -- default-centos-72:     default: 22 (guest) => 2204 (host) (adapter 1)
I, [2016-09-19T20:24:49.954508 #12380]  INFO -- default-centos-72: ==> default: Booting VM...
I, [2016-09-19T20:24:50.309603 #12380]  INFO -- default-centos-72: ==> default: Waiting for machine to boot. This may take a few minutes...
I, [2016-09-19T20:24:50.644719 #12380]  INFO -- default-centos-72:     default: SSH address: 127.0.0.1:2204
I, [2016-09-19T20:24:50.644935 #12380]  INFO -- default-centos-72:     default: SSH username: vagrant
I, [2016-09-19T20:24:50.645198 #12380]  INFO -- default-centos-72:     default: SSH auth method: private key
I, [2016-09-19T20:25:06.037150 #12380]  INFO -- default-centos-72:     default: Warning: Remote connection disconnect. Retrying...
